<?xml version="1.0" encoding="UTF-8"?>
<!-- Generated by org.testng.reporters.JUnitReportReporter -->
<testsuite skipped="0" hostname="tcss-MacBook-Pro-4.local" name="com.tcs.test.MyFirstTest" tests="1" failures="0" timestamp="7 Dec 2016 19:42:42 GMT" time="0.012" errors="0">
  <testcase name="checkTestNGInstallation" time="0.012" classname="com.tcs.test.MyFirstTest"/>
</testsuite> <!-- com.tcs.test.MyFirstTest -->
